02-04-2015 05:10:43,979 INFO  page.LoginPage checkIfLogedIn (75) - mikulas.yakovlev@gmail.com logged in
02-04-2015 05:13:40,185 INFO  page.LoginPage checkIfLogedIn (75) - mikulas.yakovlev@gmail.com logged in
02-04-2015 05:18:02,888 INFO  page.LoginPage checkIfLogedIn (75) - mikulas.yakovlev@gmail.com logged in
02-04-2015 05:28:47,350 INFO  page.LoginPage checkIfLogedIn (75) - mikulas.yakovlev@gmail.com logged in
02-04-2015 05:35:06,849 INFO  page.LoginPage checkIfLogedIn (75) - mikulas.yakovlev@gmail.com logged in
02-04-2015 05:55:46,490 INFO  page.LoginPage checkIfLogedIn (75) - mikulas.yakovlev@gmail.com logged in
02-04-2015 05:57:08,956 INFO  page.LoginPage checkIfLogedIn (75) - mikulas.yakovlev@gmail.com logged in
02-04-2015 06:09:21,416 INFO  page.LoginPage checkIfLogedIn (75) - mikulas.yakovlev@gmail.com logged in
02-04-2015 07:31:37,117 INFO  page.LoginPage checkIfLogedIn (75) - mikulas.yakovlev@gmail.com logged in
02-04-2015 07:34:02,442 INFO  page.LoginPage checkIfLogedIn (75) - mikulas.yakovlev@gmail.com logged in
02-04-2015 08:00:07,339 INFO  page.LoginPage checkIfLogedIn (75) - mikulas.yakovlev@gmail.com logged in
02-04-2015 08:03:48,444 INFO  page.LoginPage checkIfLogedIn (75) - mikulas.yakovlev@gmail.com logged in
02-04-2015 08:11:03,510 INFO  page.LoginPage checkIfLogedIn (75) - mikulas.yakovlev@gmail.com logged in
02-04-2015 08:42:10,365 INFO  page.LoginPage checkIfLogedIn (75) - mikulas.yakovlev@gmail.com logged in
02-04-2015 08:43:32,648 INFO  page.LoginPage checkIfLogedIn (75) - mikulas.yakovlev@gmail.com logged in
02-04-2015 08:43:46,276 INFO  page.UserPage isUserSignedOut (68) - User signed out!
02-04-2015 09:00:11,593 INFO  page.LoginPage checkIfLogedIn (77) - mikulas.yakovlev@gmail.com logged in
02-04-2015 09:00:36,671 INFO  page.UserPage isUserSignedOut (68) - User signed out!
02-04-2015 09:04:45,367 INFO  page.LoginPage checkIfLogedIn (83) - mikulas.yakovlev@gmail.com logged in
02-04-2015 09:06:31,015 INFO  page.LoginPage checkIfLogedIn (83) - mikulas.yakovlev@gmail.com logged in
02-04-2015 09:06:48,522 INFO  page.UserPage isUserSignedOut (68) - User signed out!
02-04-2015 09:08:58,195 INFO  page.LoginPage checkIfLogedIn (83) - mikulas.yakovlev@gmail.com logged in
02-04-2015 09:09:14,339 INFO  page.UserPage isUserSignedOut (68) - User signed out!
02-04-2015 09:12:08,470 INFO  page.LoginPage checkIfLogedIn (83) - mikulas.yakovlev@gmail.com logged in
02-04-2015 09:12:25,213 INFO  page.UserPage isUserSignedOut (68) - User signed out!
02-04-2015 09:12:30,084 ERROR page.LoginPage checkIfLogedIn (85) - Wrong user [ http://tkp.to/jkE7m5YZ ]
02-04-2015 09:14:36,737 INFO  page.LoginPage checkIfLogedIn (83) - mikulas.yakovlev@gmail.com logged in
02-04-2015 09:16:04,540 ERROR page.LoginPage checkIfLogedIn (85) - Wrong user [ http://tkp.to/hOuR.T2z ]
02-04-2015 09:16:21,533 INFO  page.UserPage isUserSignedOut (68) - User signed out!
02-04-2015 09:21:05,026 INFO  page.LoginPage checkIfLogedIn (89) - mikulas.yakovlev@gmail.com logged in
02-04-2015 09:21:12,948 INFO  page.UserPage isUserSignedOut (68) - User signed out!
02-04-2015 09:21:57,586 INFO  page.LoginPage checkIfLogedIn (89) - mikulas.test@gmail.com logged in
02-04-2015 10:28:58,191 INFO  page.LoginPage checkIfLogedIn (75) - mikulas.yakovlev@gmail.com logged in
02-04-2015 10:29:18,427 INFO  page.UserPage isUserSignedOut (80) - User signed out!
02-04-2015 10:33:41,484 INFO  page.LoginPage checkIfLogedIn (75) - mikulas.yakovlev@gmail.com logged in
02-04-2015 10:33:47,265 INFO  page.UserPage isUserSignedOut (80) - User signed out!
02-04-2015 10:37:35,049 INFO  page.LoginPage checkIfLogedIn (75) - mikulas.yakovlev@gmail.com logged in
02-04-2015 10:37:42,637 INFO  page.UserPage isUserSignedOut (80) - User signed out!
02-04-2015 10:38:30,079 INFO  page.LoginPage checkIfLogedIn (75) - mikulas.test@gmail.com logged in
02-04-2015 10:45:11,579 INFO  page.LoginPage checkIfLogedIn (75) - mikulas.yakovlev@gmail.com logged in
02-04-2015 10:45:17,251 INFO  page.UserPage isUserSignedOut (80) - User signed out!
02-04-2015 10:46:03,015 INFO  page.LoginPage checkIfLogedIn (75) - mikulas.test@gmail.com logged in
02-04-2015 10:55:20,490 INFO  page.LoginPage checkIfLogedIn (75) - mikulas.yakovlev@gmail.com logged in
02-04-2015 10:55:25,090 INFO  page.UserPage isUserSignedOut (80) - User signed out!
02-04-2015 10:56:11,568 INFO  page.LoginPage checkIfLogedIn (75) - mikulas.test@gmail.com logged in
02-04-2015 11:56:43,262 INFO  page.LoginPage checkIfLogedIn (87) - mikulas.yakovlev@gmail.com logged in
02-04-2015 11:56:48,472 INFO  page.UserPage isUserSignedOut (80) - User signed out!
02-04-2015 11:57:33,449 INFO  page.LoginPage checkIfLogedIn (87) - mikulas.test@gmail.com logged in
02-04-2015 12:07:07,407 INFO  page.LoginPage checkIfLogedIn (87) - mikulas.yakovlev@gmail.com logged in
02-04-2015 12:07:13,031 INFO  page.UserPage isUserSignedOut (80) - User signed out!
02-04-2015 12:07:57,543 INFO  page.LoginPage checkIfLogedIn (87) - mikulas.test@gmail.com logged in
02-04-2015 12:32:24,206 INFO  page.LoginPage checkIfLogedIn (87) - mikulas.yakovlev@gmail.com logged in
02-04-2015 12:32:29,737 INFO  page.UserPage isUserSignedOut (83) - User signed out!
02-04-2015 12:33:14,015 INFO  page.LoginPage checkIfLogedIn (87) - mikulas.test@gmail.com logged in
02-04-2015 12:36:40,965 INFO  page.LoginPage checkIfLogedIn (87) - mikulas.yakovlev@gmail.com logged in
02-04-2015 12:36:47,990 INFO  page.UserPage isUserSignedOut (80) - User signed out!
02-04-2015 12:37:33,035 INFO  page.LoginPage checkIfLogedIn (87) - mikulas.test@gmail.com logged in
